<?xml version="1.0" encoding="UTF-8"?>
<testng-results ignored="0" total="4" passed="3" failed="1" skipped="0">
  <reporter-output>
  </reporter-output>
  <suite started-at="2020-12-20T13:13:39 ART" name="Default suite" finished-at="2020-12-20T13:15:19 ART" duration-ms="99381">
    <groups>
    </groups>
    <test started-at="2020-12-20T13:13:39 ART" name="Default test" finished-at="2020-12-20T13:15:19 ART" duration-ms="99381">
      <class name="Prueba_java_testng.mevuelvoloca.TestLogin">
        <test-method is-config="true" signature="beforeSuite()[pri:0, instance:Prueba_java_testng.mevuelvoloca.TestLogin@72cde7cc]" started-at="2020-12-20T13:13:39 ART" name="beforeSuite" finished-at="2020-12-20T13:13:39 ART" duration-ms="16" status="PASS">
          <reporter-output>
          </reporter-output>
        </test-method> <!-- beforeSuite -->
        <test-method is-config="true" signature="antes()[pri:0, instance:Prueba_java_testng.mevuelvoloca.TestLogin@72cde7cc]" started-at="2020-12-20T13:13:39 ART" name="antes" finished-at="2020-12-20T13:13:39 ART" duration-ms="0" status="PASS">
          <reporter-output>
          </reporter-output>
        </test-method> <!-- antes -->
        <test-method is-config="true" signature="setup()[pri:0, instance:Prueba_java_testng.mevuelvoloca.TestLogin@72cde7cc]" started-at="2020-12-20T13:13:39 ART" name="setup" finished-at="2020-12-20T13:13:46 ART" duration-ms="6533" status="PASS">
          <reporter-output>
          </reporter-output>
        </test-method> <!-- setup -->
        <test-method signature="creaTusClaves()[pri:0, instance:Prueba_java_testng.mevuelvoloca.TestLogin@72cde7cc]" started-at="2020-12-20T13:13:46 ART" name="creaTusClaves" finished-at="2020-12-20T13:13:48 ART" duration-ms="1918" status="PASS">
          <reporter-output>
          </reporter-output>
        </test-method> <!-- creaTusClaves -->
        <test-method is-config="true" signature="cerrarBrowser()[pri:0, instance:Prueba_java_testng.mevuelvoloca.TestLogin@72cde7cc]" started-at="2020-12-20T13:13:48 ART" name="cerrarBrowser" finished-at="2020-12-20T13:13:48 ART" duration-ms="561" status="PASS">
          <reporter-output>
          </reporter-output>
        </test-method> <!-- cerrarBrowser -->
        <test-method is-config="true" signature="setup()[pri:0, instance:Prueba_java_testng.mevuelvoloca.TestLogin@72cde7cc]" started-at="2020-12-20T13:13:48 ART" name="setup" finished-at="2020-12-20T13:13:58 ART" duration-ms="9920" status="PASS">
          <reporter-output>
          </reporter-output>
        </test-method> <!-- setup -->
        <test-method signature="loginInvalido()[pri:0, instance:Prueba_java_testng.mevuelvoloca.TestLogin@72cde7cc]" started-at="2020-12-20T13:13:58 ART" name="loginInvalido" finished-at="2020-12-20T13:14:00 ART" duration-ms="2090" status="PASS">
          <reporter-output>
          </reporter-output>
        </test-method> <!-- loginInvalido -->
        <test-method is-config="true" signature="cerrarBrowser()[pri:0, instance:Prueba_java_testng.mevuelvoloca.TestLogin@72cde7cc]" started-at="2020-12-20T13:14:00 ART" name="cerrarBrowser" finished-at="2020-12-20T13:14:01 ART" duration-ms="292" status="PASS">
          <reporter-output>
          </reporter-output>
        </test-method> <!-- cerrarBrowser -->
        <test-method is-config="true" signature="setup()[pri:0, instance:Prueba_java_testng.mevuelvoloca.TestLogin@72cde7cc]" started-at="2020-12-20T13:14:01 ART" name="setup" finished-at="2020-12-20T13:14:55 ART" duration-ms="54242" status="PASS">
          <reporter-output>
          </reporter-output>
        </test-method> <!-- setup -->
        <test-method signature="loginValido()[pri:0, instance:Prueba_java_testng.mevuelvoloca.TestLogin@72cde7cc]" started-at="2020-12-20T13:14:55 ART" name="loginValido" finished-at="2020-12-20T13:15:07 ART" duration-ms="11824" status="FAIL">
          <exception class="java.lang.AssertionError">
            <message>
              <![CDATA[expected [https://https://onlinebanking.bancogalicia.com.ar/inicio] but found [https://onlinebanking.bancogalicia.com.ar/inicio]]]>
            </message>
            <full-stacktrace>
              <![CDATA[java.lang.AssertionError: expected [https://https://onlinebanking.bancogalicia.com.ar/inicio] but found [https://onlinebanking.bancogalicia.com.ar/inicio]
at org.testng.Assert.fail(Assert.java:99)
at org.testng.Assert.failNotEquals(Assert.java:1037)
at org.testng.Assert.assertEqualsImpl(Assert.java:140)
at org.testng.Assert.assertEquals(Assert.java:122)
at org.testng.Assert.assertEquals(Assert.java:629)
at org.testng.Assert.assertEquals(Assert.java:639)
at Prueba_java_testng.mevuelvoloca.TestLogin.loginValido(TestLogin.java:69)
at java.base/jdk.internal.reflect.NativeMethodAccessorImpl.invoke0(Native Method)
at java.base/jdk.internal.reflect.NativeMethodAccessorImpl.invoke(NativeMethodAccessorImpl.java:64)
at java.base/jdk.internal.reflect.DelegatingMethodAccessorImpl.invoke(DelegatingMethodAccessorImpl.java:43)
at java.base/java.lang.reflect.Method.invoke(Method.java:564)
at org.testng.internal.MethodInvocationHelper.invokeMethod(MethodInvocationHelper.java:132)
at org.testng.internal.TestInvoker.invokeMethod(TestInvoker.java:599)
at org.testng.internal.TestInvoker.invokeTestMethod(TestInvoker.java:174)
at org.testng.internal.MethodRunner.runInSequence(MethodRunner.java:46)
at org.testng.internal.TestInvoker$MethodInvocationAgent.invoke(TestInvoker.java:822)
at org.testng.internal.TestInvoker.invokeTestMethods(TestInvoker.java:147)
at org.testng.internal.TestMethodWorker.invokeTestMethods(TestMethodWorker.java:146)
at org.testng.internal.TestMethodWorker.run(TestMethodWorker.java:128)
at java.base/java.util.ArrayList.forEach(ArrayList.java:1511)
at org.testng.TestRunner.privateRun(TestRunner.java:764)
at org.testng.TestRunner.run(TestRunner.java:585)
at org.testng.SuiteRunner.runTest(SuiteRunner.java:384)
at org.testng.SuiteRunner.runSequentially(SuiteRunner.java:378)
at org.testng.SuiteRunner.privateRun(SuiteRunner.java:337)
at org.testng.SuiteRunner.run(SuiteRunner.java:286)
at org.testng.SuiteRunnerWorker.runSuite(SuiteRunnerWorker.java:53)
at org.testng.SuiteRunnerWorker.run(SuiteRunnerWorker.java:96)
at org.testng.TestNG.runSuitesSequentially(TestNG.java:1218)
at org.testng.TestNG.runSuitesLocally(TestNG.java:1140)
at org.testng.TestNG.runSuites(TestNG.java:1069)
at org.testng.TestNG.run(TestNG.java:1037)
at org.testng.remote.AbstractRemoteTestNG.run(AbstractRemoteTestNG.java:115)
at org.testng.remote.RemoteTestNG.initAndRun(RemoteTestNG.java:251)
at org.testng.remote.RemoteTestNG.main(RemoteTestNG.java:77)
]]>
            </full-stacktrace>
          </exception> <!-- java.lang.AssertionError -->
          <reporter-output>
          </reporter-output>
        </test-method> <!-- loginValido -->
        <test-method is-config="true" signature="cerrarBrowser()[pri:0, instance:Prueba_java_testng.mevuelvoloca.TestLogin@72cde7cc]" started-at="2020-12-20T13:15:07 ART" name="cerrarBrowser" finished-at="2020-12-20T13:15:07 ART" duration-ms="251" status="PASS">
          <reporter-output>
          </reporter-output>
        </test-method> <!-- cerrarBrowser -->
        <test-method is-config="true" signature="setup()[pri:0, instance:Prueba_java_testng.mevuelvoloca.TestLogin@72cde7cc]" started-at="2020-12-20T13:15:07 ART" name="setup" finished-at="2020-12-20T13:15:16 ART" duration-ms="8428" status="PASS">
          <reporter-output>
          </reporter-output>
        </test-method> <!-- setup -->
        <test-method signature="verifyChangeUser()[pri:0, instance:Prueba_java_testng.mevuelvoloca.TestLogin@72cde7cc]" started-at="2020-12-20T13:15:16 ART" name="verifyChangeUser" finished-at="2020-12-20T13:15:18 ART" duration-ms="2523" status="PASS">
          <reporter-output>
          </reporter-output>
        </test-method> <!-- verifyChangeUser -->
        <test-method is-config="true" signature="cerrarBrowser()[pri:0, instance:Prueba_java_testng.mevuelvoloca.TestLogin@72cde7cc]" started-at="2020-12-20T13:15:18 ART" name="cerrarBrowser" finished-at="2020-12-20T13:15:19 ART" duration-ms="543" status="PASS">
          <reporter-output>
          </reporter-output>
        </test-method> <!-- cerrarBrowser -->
        <test-method is-config="true" signature="finPrueba()[pri:0, instance:Prueba_java_testng.mevuelvoloca.TestLogin@72cde7cc]" started-at="2020-12-20T13:15:19 ART" name="finPrueba" finished-at="2020-12-20T13:15:19 ART" duration-ms="0" status="PASS">
          <reporter-output>
          </reporter-output>
        </test-method> <!-- finPrueba -->
        <test-method is-config="true" signature="testPrint()[pri:0, instance:Prueba_java_testng.mevuelvoloca.TestLogin@72cde7cc]" started-at="2020-12-20T13:15:19 ART" name="testPrint" finished-at="2020-12-20T13:15:19 ART" duration-ms="0" status="PASS">
          <reporter-output>
          </reporter-output>
        </test-method> <!-- testPrint -->
      </class> <!-- Prueba_java_testng.mevuelvoloca.TestLogin -->
    </test> <!-- Default test -->
  </suite> <!-- Default suite -->
</testng-results>
